logs_start
args Namespace(candidate_day='20220702', candidate_predict_index='7', lastActivedays='7', maxDepth='15', maxIter='30', minInfoGain='0', minInstancesPerNode='200', model_day='20220629', model_index='7', model_list=None, neg_pos_ratio='10', predict_num=0, test_day_sure='20220630', test_days=1, train_days='7', updatemodel='0')
candidate_dirPath oss://sdkemr-yeahmobi/user/chensheng/sample_create_social_app/oss_20220702_candidate_7_2
candidate_predict_dirPath oss://sdkemr-yeahmobi/user/chensheng/sample_create_social_app/oss_20220702_candidate_predict_7
model_save_path oss://sdkemr-yeahmobi/user/chensheng/sample_create_social_app/model_20220623_7
step 1：创建训练集、测试集路径
train_pos_neg_sample_list
[('oss://sdkemr-yeahmobi/user/chensheng/sample_create_social_app/oss_20220629_pos_sample_delay_7_2', 'oss://sdkemr-yeahmobi/user/chensheng/sample_create_social_app/oss_20220629_neg_sample_delay_7_2'), ('oss://sdkemr-yeahmobi/user/chensheng/sample_create_social_app/oss_20220628_pos_sample_delay_7_2', 'oss://sdkemr-yeahmobi/user/chensheng/sample_create_social_app/oss_20220628_neg_sample_delay_7_2'), ('oss://sdkemr-yeahmobi/user/chensheng/sample_create_social_app/oss_20220627_pos_sample_delay_7_2', 'oss://sdkemr-yeahmobi/user/chensheng/sample_create_social_app/oss_20220627_neg_sample_delay_7_2'), ('oss://sdkemr-yeahmobi/user/chensheng/sample_create_social_app/oss_20220626_pos_sample_delay_7_2', 'oss://sdkemr-yeahmobi/user/chensheng/sample_create_social_app/oss_20220626_neg_sample_delay_7_2'), ('oss://sdkemr-yeahmobi/user/chensheng/sample_create_social_app/oss_20220625_pos_sample_delay_7_2', 'oss://sdkemr-yeahmobi/user/chensheng/sample_create_social_app/oss_20220625_neg_sample_delay_7_2'), ('oss://sdkemr-yeahmobi/user/chensheng/sample_create_social_app/oss_20220624_pos_sample_delay_7_2', 'oss://sdkemr-yeahmobi/user/chensheng/sample_create_social_app/oss_20220624_neg_sample_delay_7_2'), ('oss://sdkemr-yeahmobi/user/chensheng/sample_create_social_app/oss_20220623_pos_sample_delay_7_2', 'oss://sdkemr-yeahmobi/user/chensheng/sample_create_social_app/oss_20220623_neg_sample_delay_7_2')]
test_pos_neg_sample_list
[('oss://sdkemr-yeahmobi/user/chensheng/sample_create_social_app/oss_20220630_pos_sample_delay_7_2', 'oss://sdkemr-yeahmobi/user/chensheng/sample_create_social_app/oss_20220630_neg_sample_delay_7_2')]
step 4:模型评价
step 4-2：测试集评价
************创建测试集: %d****************
test_sample_i:0,test_sample_count:272544526
********************
test rawPrediction_1_desc
test rawPrediction_1_desc:label=1
+-------+-------------------+
|summary|    rawPrediction_1|
+-------+-------------------+
|  count|             751523|
|   mean|-0.8483981534009595|
| stddev|0.36126087373616833|
|    min|-1.5178983767951262|
|    max| 1.5242234581147576|
+-------+-------------------+

test rawPrediction_1_desc:label=0
+-------+-------------------+
|summary|    rawPrediction_1|
+-------+-------------------+
|  count|          271793003|
|   mean|-1.1499091421437566|
| stddev| 0.2732741081574905|
|    min| -2.174965732756608|
|    max|  2.033913314730183|
+-------+-------------------+

test AUC: 0.749229
统计test_predictions_label_bin中各个bin的cr
+---------+---------+---------------+--------+---------+---------+---------+
|label_bin|label_cnt|bin_label_1_cnt|bin_cr  |avg_score|max_score|min_score|
+---------+---------+---------------+--------+---------+---------+---------+
|1        |13627226 |181823         |0.013343|-0.392548|2.033913 |-0.55084 |
|2        |13627226 |114813         |0.008425|-0.628859|-0.55084 |-0.703224|
|3        |13627226 |79521          |0.005835|-0.7774  |-0.703224|-0.847005|
|4        |13627227 |55858          |0.004099|-0.906826|-0.847005|-0.963881|
|5        |13627226 |45170          |0.003315|-1.008989|-0.963881|-1.048655|
|6        |13627226 |36735          |0.002696|-1.080307|-1.048655|-1.110223|
|7        |13627227 |29069          |0.002133|-1.135076|-1.110223|-1.157552|
|8        |13627226 |26111          |0.001916|-1.177293|-1.157552|-1.195915|
|9        |13627226 |23801          |0.001747|-1.211915|-1.195915|-1.226931|
|10       |13627227 |21552          |0.001582|-1.239818|-1.226931|-1.252355|
|11       |13627226 |19410          |0.001424|-1.263264|-1.252355|-1.274004|
|12       |13627226 |18167          |0.001333|-1.283865|-1.274004|-1.293406|
|13       |13627226 |16925          |0.001242|-1.302688|-1.293406|-1.311799|
|14       |13627227 |15582          |0.001143|-1.321174|-1.311799|-1.329198|
|15       |13627226 |14190          |0.001041|-1.335671|-1.329198|-1.343207|
|16       |13627226 |13646          |0.001001|-1.349904|-1.343207|-1.355527|
|17       |13627227 |12202          |8.95E-4 |-1.363239|-1.355527|-1.370509|
|18       |13627226 |11131          |8.17E-4 |-1.377321|-1.370509|-1.385576|
|19       |13627226 |9679           |7.1E-4  |-1.395055|-1.385576|-1.406968|
|20       |13627227 |6138           |4.5E-4  |-1.430344|-1.406968|-2.174966|
+---------+---------+---------------+--------+---------+---------+---------+

********************
test_1 rawPrediction_1_desc
test_1 rawPrediction_1_desc:label=1
+-------+-------------------+
|summary|    rawPrediction_1|
+-------+-------------------+
|  count|             181757|
|   mean|-0.3710582834043395|
| stddev|0.13438654863764551|
|    min|-0.5508399811924439|
|    max| 1.5242234581147576|
+-------+-------------------+

test_1 rawPrediction_1_desc:label=0
+-------+-------------------+
|summary|    rawPrediction_1|
+-------+-------------------+
|  count|           13445469|
|   mean|-0.3928387455998901|
| stddev|0.14396793147482748|
|    min|-0.5508399811924439|
|    max|  2.033913314730183|
+-------+-------------------+

test_1 AUC: 0.555735
********************
test_2 rawPrediction_1_desc
test_2 rawPrediction_1_desc:label=1
+-------+-------------------+
|summary|    rawPrediction_1|
+-------+-------------------+
|  count|             114879|
|   mean|-0.6241841928551959|
| stddev|0.03898419349733019|
|    min| -0.703219973765506|
|    max|-0.5508399811924439|
+-------+-------------------+

test_2 rawPrediction_1_desc:label=0
+-------+-------------------+
|summary|    rawPrediction_1|
+-------+-------------------+
|  count|           13512347|
|   mean|-0.6288987428515109|
| stddev|0.03905143495346395|
|    min|-0.7032235405150132|
|    max|-0.5508399811924439|
+-------+-------------------+

test_2 AUC: 0.535362
********************
test_3 rawPrediction_1_desc
test_3 rawPrediction_1_desc:label=1
+-------+--------------------+
|summary|     rawPrediction_1|
+-------+--------------------+
|  count|               79521|
|   mean| -0.7734117985777144|
| stddev|0.042464026616767646|
|    min| -0.8470045744453691|
|    max| -0.7032243482313858|
+-------+--------------------+

test_3 rawPrediction_1_desc:label=0
+-------+-------------------+
|summary|    rawPrediction_1|
+-------+-------------------+
|  count|           13547705|
|   mean|-0.7774238976101246|
| stddev|0.04308763863981426|
|    min|-0.8470045744453691|
|    max|-0.7032235405150132|
+-------+-------------------+

test_3 AUC: 0.527036
********************
test_4 rawPrediction_1_desc
test_4 rawPrediction_1_desc:label=1
+-------+--------------------+
|summary|     rawPrediction_1|
+-------+--------------------+
|  count|               55858|
|   mean|  -0.904173967694728|
| stddev|0.034284488729458606|
|    min| -0.9638772120834552|
|    max| -0.8470085703288711|
+-------+--------------------+

test_4 rawPrediction_1_desc:label=0
+-------+-------------------+
|summary|    rawPrediction_1|
+-------+-------------------+
|  count|           13571369|
|   mean|-0.9068368561387898|
| stddev|0.03430432699275177|
|    min|-0.9638807886309898|
|    max|-0.8470045744453691|
+-------+-------------------+

test_4 AUC: 0.522312
********************
test_5 rawPrediction_1_desc
test_5 rawPrediction_1_desc:label=1
+-------+-------------------+
|summary|    rawPrediction_1|
+-------+-------------------+
|  count|              45170|
|   mean|-1.0072413016053556|
| stddev|0.02439772552530075|
|    min|-1.0486484406732879|
|    max|-0.9638825442992036|
+-------+-------------------+

test_5 rawPrediction_1_desc:label=0
+-------+-------------------+
|summary|    rawPrediction_1|
+-------+-------------------+
|  count|           13582056|
|   mean|-1.0089946443879858|
| stddev|0.02438976918182892|
|    min|-1.0486545126765905|
|    max|-0.9638807886309898|
+-------+-------------------+

test_5 AUC: 0.520840
********************
test_6 rawPrediction_1_desc
test_6 rawPrediction_1_desc:label=1
+-------+--------------------+
|summary|     rawPrediction_1|
+-------+--------------------+
|  count|               36735|
|   mean| -1.0789557487070314|
| stddev|0.017810387775368124|
|    min| -1.1102219397664599|
|    max| -1.0486555638114952|
+-------+--------------------+

test_6 rawPrediction_1_desc:label=0
+-------+-------------------+
|summary|    rawPrediction_1|
+-------+-------------------+
|  count|           13590491|
|   mean|-1.0803104909068804|
| stddev|0.01770076849890835|
|    min| -1.110223134111449|
|    max|-1.0486545157964777|
+-------+-------------------+

test_6 AUC: 0.521991
********************
test_7 rawPrediction_1_desc
test_7 rawPrediction_1_desc:label=1
+-------+--------------------+
|summary|     rawPrediction_1|
+-------+--------------------+
|  count|               29069|
|   mean|  -1.134055915649864|
| stddev|0.013677219107859719|
|    min| -1.1575502746805377|
|    max| -1.1102273221554428|
+-------+--------------------+

test_7 rawPrediction_1_desc:label=0
+-------+-------------------+
|summary|    rawPrediction_1|
+-------+-------------------+
|  count|           13598158|
|   mean| -1.135077778816199|
| stddev|0.01357782001296819|
|    min|-1.1575518929114548|
|    max| -1.110223139076141|
+-------+-------------------+

test_7 AUC: 0.521633
********************
test_8 rawPrediction_1_desc
test_8 rawPrediction_1_desc:label=1
+-------+--------------------+
|summary|     rawPrediction_1|
+-------+--------------------+
|  count|               26111|
|   mean| -1.1770141727984673|
| stddev|0.011201103826561597|
|    min| -1.1959131788614576|
|    max|  -1.157552114046951|
+-------+--------------------+

test_8 rawPrediction_1_desc:label=0
+-------+-------------------+
|summary|    rawPrediction_1|
+-------+-------------------+
|  count|           13601115|
|   mean|-1.1772930903362924|
| stddev|0.01116985576398379|
|    min|-1.1959147139620183|
|    max|-1.1575518940690526|
+-------+-------------------+

test_8 AUC: 0.507175
********************
test_9 rawPrediction_1_desc
test_9 rawPrediction_1_desc:label=1
+-------+--------------------+
|summary|     rawPrediction_1|
+-------+--------------------+
|  count|               23804|
|   mean| -1.2116987154368102|
| stddev|0.008948772835774456|
|    min| -1.2269308089963136|
|    max| -1.1959147139620183|
+-------+--------------------+

test_9 rawPrediction_1_desc:label=0
+-------+--------------------+
|summary|     rawPrediction_1|
+-------+--------------------+
|  count|            13603422|
|   mean|  -1.211915031941956|
| stddev|0.008927656625595646|
|    min| -1.2269308089963136|
|    max| -1.1959147139620183|
+-------+--------------------+

test_9 AUC: 0.506964
********************
test_10 rawPrediction_1_desc
test_10 rawPrediction_1_desc:label=1
+-------+--------------------+
|summary|     rawPrediction_1|
+-------+--------------------+
|  count|               21554|
|   mean| -1.2395826527243576|
| stddev|0.007350606279438655|
|    min| -1.2523547925362322|
|    max| -1.2269308089963136|
+-------+--------------------+

test_10 rawPrediction_1_desc:label=0
+-------+--------------------+
|summary|     rawPrediction_1|
+-------+--------------------+
|  count|            13605673|
|   mean| -1.2398183929562725|
| stddev|0.007396975665011...|
|    min| -1.2523547925362322|
|    max| -1.2269308089963136|
+-------+--------------------+

test_10 AUC: 0.509233
********************
test_11 rawPrediction_1_desc
test_11 rawPrediction_1_desc:label=1
+-------+--------------------+
|summary|     rawPrediction_1|
+-------+--------------------+
|  count|               19405|
|   mean| -1.2632246261001563|
| stddev|0.006241518489764936|
|    min| -1.2740029201170155|
|    max| -1.2523547925362322|
+-------+--------------------+

test_11 rawPrediction_1_desc:label=0
+-------+--------------------+
|summary|     rawPrediction_1|
+-------+--------------------+
|  count|            13607821|
|   mean| -1.2632635902444183|
| stddev|0.006252687808171687|
|    min|  -1.274004234692861|
|    max| -1.2523547925362322|
+-------+--------------------+

test_11 AUC: 0.501788
********************
test_12 rawPrediction_1_desc
test_12 rawPrediction_1_desc:label=1
+-------+--------------------+
|summary|     rawPrediction_1|
+-------+--------------------+
|  count|               18167|
|   mean| -1.2836894904904688|
| stddev|0.005544139642497019|
|    min| -1.2934064547950228|
|    max| -1.2740047303270639|
+-------+--------------------+

test_12 rawPrediction_1_desc:label=0
+-------+--------------------+
|summary|     rawPrediction_1|
+-------+--------------------+
|  count|            13609059|
|   mean| -1.2838647738919848|
| stddev|0.005567320370793151|
|    min| -1.2934064547950228|
|    max|  -1.274004234692861|
+-------+--------------------+

test_12 AUC: 0.509130
********************
test_13 rawPrediction_1_desc
test_13 rawPrediction_1_desc:label=1
+-------+--------------------+
|summary|     rawPrediction_1|
+-------+--------------------+
|  count|               16925|
|   mean| -1.3025166347659036|
| stddev|0.005204816403800...|
|    min| -1.3117970029649748|
|    max| -1.2934064547950228|
+-------+--------------------+

test_13 rawPrediction_1_desc:label=0
+-------+--------------------+
|summary|     rawPrediction_1|
+-------+--------------------+
|  count|            13610301|
|   mean| -1.3026884494516884|
| stddev|0.005223701781110161|
|    min| -1.3117987459220002|
|    max| -1.2934064547950228|
+-------+--------------------+

test_13 AUC: 0.509515
********************
test_14 rawPrediction_1_desc
test_14 rawPrediction_1_desc:label=1
+-------+--------------------+
|summary|     rawPrediction_1|
+-------+--------------------+
|  count|               15583|
|   mean| -1.3210061599099034|
| stddev|0.005156396216048831|
|    min| -1.3291983606405018|
|    max| -1.3117987459220002|
+-------+--------------------+

test_14 rawPrediction_1_desc:label=0
+-------+-------------------+
|summary|    rawPrediction_1|
+-------+-------------------+
|  count|           13611644|
|   mean|-1.3211746717910615|
| stddev|0.00518538618364494|
|    min|-1.3291983606405018|
|    max|-1.3117987459220002|
+-------+-------------------+

test_14 AUC: 0.509633
********************
test_15 rawPrediction_1_desc
test_15 rawPrediction_1_desc:label=1
+-------+--------------------+
|summary|     rawPrediction_1|
+-------+--------------------+
|  count|               14187|
|   mean| -1.3356701826576725|
| stddev|0.004098064639929...|
|    min|  -1.343207027140228|
|    max| -1.3291983606405018|
+-------+--------------------+

test_15 rawPrediction_1_desc:label=0
+-------+--------------------+
|summary|     rawPrediction_1|
+-------+--------------------+
|  count|            13613039|
|   mean| -1.3356706827000406|
| stddev|0.004078898084744817|
|    min|  -1.343207027140228|
|    max| -1.3291983606405018|
+-------+--------------------+

test_15 AUC: 0.500105
********************
test_16 rawPrediction_1_desc
test_16 rawPrediction_1_desc:label=1
+-------+--------------------+
|summary|     rawPrediction_1|
+-------+--------------------+
|  count|               13645|
|   mean|  -1.349793676285977|
| stddev|0.003482041898640409|
|    min|  -1.355526910265204|
|    max|  -1.343207027140228|
+-------+--------------------+

test_16 rawPrediction_1_desc:label=0
+-------+--------------------+
|summary|     rawPrediction_1|
+-------+--------------------+
|  count|            13613581|
|   mean| -1.3499044901113273|
| stddev|0.003488154260623...|
|    min|  -1.355526910265204|
|    max|  -1.343207027140228|
+-------+--------------------+

test_16 AUC: 0.509380
********************
test_17 rawPrediction_1_desc
test_17 rawPrediction_1_desc:label=1
+-------+--------------------+
|summary|     rawPrediction_1|
+-------+--------------------+
|  count|               12201|
|   mean|  -1.363147351320284|
| stddev|0.004467518729708...|
|    min|  -1.370506431878705|
|    max|  -1.355526910265204|
+-------+--------------------+

test_17 rawPrediction_1_desc:label=0
+-------+--------------------+
|summary|     rawPrediction_1|
+-------+--------------------+
|  count|            13615026|
|   mean|  -1.363238589244195|
| stddev|0.004428979936527388|
|    min|  -1.370509205456445|
|    max|  -1.355526910265204|
+-------+--------------------+

test_17 AUC: 0.505865
********************
test_18 rawPrediction_1_desc
test_18 rawPrediction_1_desc:label=1
+-------+--------------------+
|summary|     rawPrediction_1|
+-------+--------------------+
|  count|               11135|
|   mean|  -1.377147653636696|
| stddev|0.004370145155805887|
|    min|  -1.385576178050807|
|    max|  -1.370509205456445|
+-------+--------------------+

test_18 rawPrediction_1_desc:label=0
+-------+--------------------+
|summary|     rawPrediction_1|
+-------+--------------------+
|  count|            13616091|
|   mean| -1.3773213906481543|
| stddev|0.004382023774888596|
|    min| -1.3855763302406932|
|    max|  -1.370509205456445|
+-------+--------------------+

test_18 AUC: 0.511768
********************
test_19 rawPrediction_1_desc
test_19 rawPrediction_1_desc:label=1
+-------+-------------------+
|summary|    rawPrediction_1|
+-------+-------------------+
|  count|               9679|
|   mean|-1.3946141325515307|
| stddev|0.00606549706857569|
|    min|-1.4069556077564511|
|    max|-1.3855853581085908|
+-------+-------------------+

test_19 rawPrediction_1_desc:label=0
+-------+--------------------+
|summary|     rawPrediction_1|
+-------+--------------------+
|  count|            13617547|
|   mean|  -1.395055362411854|
| stddev|0.006131854035850523|
|    min|  -1.406967673803524|
|    max| -1.3855763302406932|
+-------+--------------------+

test_19 AUC: 0.520580
********************
test_20 rawPrediction_1_desc
test_20 rawPrediction_1_desc:label=1
+-------+--------------------+
|summary|     rawPrediction_1|
+-------+--------------------+
|  count|                6138|
|   mean| -1.4249413771045636|
| stddev|0.015011367337343883|
|    min| -1.5178983767951262|
|    max| -1.4069707039775177|
+-------+--------------------+

test_20 rawPrediction_1_desc:label=0
+-------+--------------------+
|summary|     rawPrediction_1|
+-------+--------------------+
|  count|            13621089|
|   mean| -1.4303464949995184|
| stddev|0.018716015057602967|
|    min|  -2.174965732756608|
|    max|  -1.406967673803524|
+-------+--------------------+

test_20 AUC: 0.586431
针对人群库进行评分
**********predict_df 分桶describe**********
+-------+--------------------+
|summary|rawPrediction_1     |
+-------+--------------------+
|count  |13174697            |
|mean   |-0.39126134338009516|
|stddev |0.13702273567831652 |
|min    |-0.545797           |
|max    |1.96725             |
+-------+--------------------+

+-------+-------------------+
|summary|rawPrediction_1    |
+-------+-------------------+
|count  |13174698           |
|mean   |-0.624136382391518 |
|stddev |0.03805940719511171|
|min    |-0.69343           |
|max    |-0.545797          |
+-------+-------------------+

+-------+-------------------+
|summary|rawPrediction_1    |
+-------+-------------------+
|count  |13174698           |
|mean   |-0.7688821050421317|
|stddev |0.04251646767382008|
|min    |-0.837724          |
|max    |-0.69343           |
+-------+-------------------+

+-------+-------------------+
|summary|rawPrediction_1    |
+-------+-------------------+
|count  |13174698           |
|mean   |-0.8964897510081634|
|stddev |0.03366184068785334|
|min    |-0.95434           |
|max    |-0.837724          |
+-------+-------------------+

+-------+--------------------+
|summary|rawPrediction_1     |
+-------+--------------------+
|count  |13174698            |
|mean   |-0.9994548934752773 |
|stddev |0.024654711831256115|
|min    |-1.040125           |
|max    |-0.95434            |
+-------+--------------------+

+-------+--------------------+
|summary|rawPrediction_1     |
+-------+--------------------+
|count  |13174698            |
|mean   |-1.0723457585988496 |
|stddev |0.017900151001189125|
|min    |-1.102683           |
|max    |-1.040125           |
+-------+--------------------+

+-------+--------------------+
|summary|rawPrediction_1     |
+-------+--------------------+
|count  |13174698            |
|mean   |-1.129412491683683  |
|stddev |0.014779240727698947|
|min    |-1.153832           |
|max    |-1.102683           |
+-------+--------------------+

+-------+-------------------+
|summary|rawPrediction_1    |
+-------+-------------------+
|count  |13174698           |
|mean   |-1.1743606006476133|
|stddev |0.01149173714055262|
|min    |-1.193237          |
|max    |-1.153832          |
+-------+-------------------+

+-------+--------------------+
|summary|rawPrediction_1     |
+-------+--------------------+
|count  |13174698            |
|mean   |-1.2094677199456068 |
|stddev |0.008991345194172813|
|min    |-1.224405           |
|max    |-1.193237           |
+-------+--------------------+

+-------+---------------------+
|summary|rawPrediction_1      |
+-------+---------------------+
|count  |13174698             |
|mean   |-1.2374400277179025  |
|stddev |0.0073352419336594485|
|min    |-1.249987            |
|max    |-1.224405            |
+-------+---------------------+

+-------+--------------------+
|summary|rawPrediction_1     |
+-------+--------------------+
|count  |13174697            |
|mean   |-1.260894126488247  |
|stddev |0.006187925598042173|
|min    |-1.271445           |
|max    |-1.249987           |
+-------+--------------------+

+-------+-------------------+
|summary|rawPrediction_1    |
+-------+-------------------+
|count  |13174698           |
|mean   |-1.281367724106484 |
|stddev |0.00553995749488884|
|min    |-1.290858          |
|max    |-1.271445          |
+-------+-------------------+

+-------+--------------------+
|summary|rawPrediction_1     |
+-------+--------------------+
|count  |13174698            |
|mean   |-1.2999952264891281 |
|stddev |0.005200718124767292|
|min    |-1.30864            |
|max    |-1.290858           |
+-------+--------------------+

+-------+--------------------+
|summary|rawPrediction_1     |
+-------+--------------------+
|count  |13174698            |
|mean   |-1.3181604188243885 |
|stddev |0.005431268225824639|
|min    |-1.32677            |
|max    |-1.30864            |
+-------+--------------------+

+-------+---------------------+
|summary|rawPrediction_1      |
+-------+---------------------+
|count  |13174698             |
|mean   |-1.332996936192264   |
|stddev |0.0036293468949812396|
|min    |-1.340063            |
|max    |-1.32677             |
+-------+---------------------+

+-------+---------------------+
|summary|rawPrediction_1      |
+-------+---------------------+
|count  |13174698             |
|mean   |-1.3472202885478233  |
|stddev |0.0038395841599175628|
|min    |-1.353159            |
|max    |-1.340063            |
+-------+---------------------+

+-------+--------------------+
|summary|rawPrediction_1     |
+-------+--------------------+
|count  |13174698            |
|mean   |-1.359832886533694  |
|stddev |0.004344008956323271|
|min    |-1.367436           |
|max    |-1.353159           |
+-------+--------------------+

+-------+---------------------+
|summary|rawPrediction_1      |
+-------+---------------------+
|count  |13174698             |
|mean   |-1.3737553250647152  |
|stddev |0.0037846454725549124|
|min    |-1.381245            |
|max    |-1.367436            |
+-------+---------------------+

+-------+-------------------+
|summary|rawPrediction_1    |
+-------+-------------------+
|count  |13174698           |
|mean   |-1.3901791392916327|
|stddev |0.00543369584504089|
|min    |-1.400516          |
|max    |-1.381245          |
+-------+-------------------+

+-------+--------------------+
|summary|rawPrediction_1     |
+-------+--------------------+
|count  |13174698            |
|mean   |-1.4215415625360481 |
|stddev |0.018396455230585994|
|min    |-2.174966           |
|max    |-1.400516           |
+-------+--------------------+

logs_end
